[12:23:59] [main/INFO]: Loading Minecraft 1.19.4 with Fabric Loader 0.15.11
[12:23:59] [main/INFO]: Loading 86 mods:
	- architectury 8.2.91
	- chalk 2.2.0
	- charmofundying 6.3.0+1.19.4
	- chisel 1.7.2
	- cloth-config 10.1.117
	   \-- cloth-basic-math 0.6.1
	- coroutil 1.19.4-1.3.6
	   \-- forgeconfigapiport 6.0.2
	        |-- com_electronwill_night-config_core 3.6.5
	        \-- com_electronwill_night-config_toml 3.6.5
	- elytraslot 6.2.1+1.19.4
	- fabric-api 0.87.2+1.19.4
	   |-- fabric-api-base 0.4.28+737a6ee8f4
	   |-- fabric-api-lookup-api-v1 1.6.29+504944c8f4
	   |-- fabric-biome-api-v1 13.0.10+6b242079f4
	   |-- fabric-block-api-v1 1.0.8+e022e5d1f4
	   |-- fabric-blockrenderlayer-v1 1.1.38+10ce000ff4
	   |-- fabric-client-tags-api-v1 1.1.1+0eee1254f4
	   |-- fabric-command-api-v1 1.2.31+f71b366ff4
	   |-- fabric-command-api-v2 2.2.10+10ce000ff4
	   |-- fabric-commands-v0 0.2.48+df3654b3f4
	   |-- fabric-containers-v0 0.1.59+df3654b3f4
	   |-- fabric-content-registries-v0 3.5.14+10ce000ff4
	   |-- fabric-convention-tags-v1 1.5.3+6d727b51f4
	   |-- fabric-crash-report-info-v1 0.2.17+aeb40ebef4
	   |-- fabric-data-generation-api-v1 11.5.2+26f09d40f4
	   |-- fabric-dimensions-v1 2.1.50+44c9c860f4
	   |-- fabric-entity-events-v1 1.5.17+10ce000ff4
	   |-- fabric-events-interaction-v0 0.6.1+4b6b93f0f4
	   |-- fabric-events-lifecycle-v0 0.2.56+df3654b3f4
	   |-- fabric-game-rule-api-v1 1.0.36+3f657af2f4
	   |-- fabric-item-api-v1 2.1.21+10ce000ff4
	   |-- fabric-item-group-api-v1 3.0.10+8400c67ef4
	   |-- fabric-key-binding-api-v1 1.0.35+504944c8f4
	   |-- fabric-keybindings-v0 0.2.33+df3654b3f4
	   |-- fabric-lifecycle-events-v1 2.2.19+10ce000ff4
	   |-- fabric-loot-api-v2 1.1.32+10ce000ff4
	   |-- fabric-loot-tables-v1 1.1.36+9e7660c6f4
	   |-- fabric-message-api-v1 5.1.5+53c11dadf4
	   |-- fabric-mining-level-api-v1 2.1.44+10ce000ff4
	   |-- fabric-model-loading-api-v1 1.0.2+3a1ea2f1f4
	   |-- fabric-models-v0 0.4.1+a0255436f4
	   |-- fabric-networking-api-v1 1.3.6+ae9c4c6af4
	   |-- fabric-networking-v0 0.3.46+df3654b3f4
	   |-- fabric-object-builder-api-v1 7.1.1+d63b52eaf4
	   |-- fabric-particles-v1 1.1.1+86d48884f4
	   |-- fabric-recipe-api-v1 1.0.13+10ce000ff4
	   |-- fabric-registry-sync-v0 2.3.2+95ae8716f4
	   |-- fabric-renderer-api-v1 2.4.2+90110d8df4
	   |-- fabric-renderer-indigo 1.4.2+90110d8df4
	   |-- fabric-renderer-registries-v1 3.2.42+df3654b3f4
	   |-- fabric-rendering-data-attachment-v1 0.3.32+10ce000ff4
	   |-- fabric-rendering-fluids-v1 3.0.25+10ce000ff4
	   |-- fabric-rendering-v0 1.1.45+df3654b3f4
	   |-- fabric-rendering-v1 2.1.5+10ce000ff4
	   |-- fabric-resource-conditions-api-v1 2.3.3+10ce000ff4
	   |-- fabric-resource-loader-v0 0.11.7+8400c67ef4
	   |-- fabric-screen-api-v1 1.0.49+10ce000ff4
	   |-- fabric-screen-handler-api-v1 1.3.25+10ce000ff4
	   |-- fabric-sound-api-v1 1.0.11+10ce000ff4
	   |-- fabric-transfer-api-v1 3.3.1+602c17c7f4
	   \-- fabric-transitive-access-wideners-v1 3.3.0+1b5f819af4
	- fabricloader 0.15.11
	   \-- mixinextras 0.3.5
	- forgero 0.10.9+1.19.4
	   |-- advanced_runtime_resource_pack 0.6.7
	   |-- forgero-common 0.10.9+1.19.4
	   |-- forgero-compat 0.10.9+1.19.4
	   |-- forgero-core 0.10.9+1.19.4
	   |-- forgero-extended 0.10.9+1.19.4
	   |-- forgero-fabric-compat 0.10.9+1.19.4
	   |-- forgero-fabric-core 0.10.9+1.19.4
	   |-- forgero-structures 0.10.9+1.19.4
	   \-- forgero-vanilla 0.10.9+1.19.4
	- geckolib 4.2
	   \-- com_eliotlash_mclib_mclib 20
	- handcrafted 2.2.0
	- jade 10.4.0
	- java 21
	- majruszlibrary 7.0.4-backport.1
	- majruszsaccessories 1.4.0-backport.1
	- minecraft 1.19.4
	- modernfix 5.7.2+mc1.19.4
	- moremobvariants 1.2.0.1
	- mostructures 1.4.3+1.19.4
	   \-- omega-config 1.2.3-1.18.1
	- pehkui 3.8.3+1.14.4-1.21
	   \-- kanos_config 0.4.1+1.14.4-1.19.4
	- pfm 1.2.1
	- radiantgear 2.1.0+1.19.4
	- resourcefullib 1.3.6
	   \-- com_teamresourceful_yabn 1.0.3
	- simplehats 1.19.4-0.3.0
	   |-- cardinal-components-base 5.1.0
	   \-- cardinal-components-entity 5.1.0
	- terralith 2.3.12
	- trinkets 3.6.0
	   |-- cardinal-components-base 5.1.0
	   \-- cardinal-components-entity 5.1.0
	- villager-hats 1.6.1
	- watut 1.19.4-1.0.14
	   \-- forgeconfigapiport 6.0.2
	        |-- com_electronwill_night-config_core 3.6.5
	        \-- com_electronwill_night-config_toml 3.6.5
[12:23:59] [main/INFO]: SpongePowered MIXIN Subsystem Version=0.8.5 Source=file:/server/libraries/net/fabricmc/sponge-mixin/0.13.3+mixin.0.8.5/sponge-mixin-0.13.3+mixin.0.8.5.jar Service=Knot/Fabric Env=SERVER
[12:23:59] [main/INFO]: Compatibility level set to JAVA_16
[12:23:59] [main/INFO]: Compatibility level set to JAVA_17
[12:23:59] [main/WARN]: Reference map 'coroutil.refmap.json' for coroutil_fabric.mixins.json could not be read. If this is a development environment you can ignore this message
[12:24:00] [main/INFO]: Loaded configuration file for ModernFix 5.7.2+mc1.19.4: 50 options available, 0 override(s) found
[12:24:00] [main/INFO]: Applying Nashorn fix
[12:24:00] [main/WARN]: Error loading class: net/minecraft/class_634 (java.lang.ClassNotFoundException: net/minecraft/class_634)
[12:24:00] [main/WARN]: @Mixin target net.minecraft.class_634 was not found modernfix-fabric.mixins.json:core.ClientPlayNetHandlerMixin from mod modernfix
[12:24:00] [main/WARN]: Error loading class: net/minecraft/class_310 (java.lang.ClassNotFoundException: net/minecraft/class_310)
[12:24:00] [main/WARN]: @Mixin target net.minecraft.class_310 was not found modernfix-fabric.mixins.json:core.MCMixin_Fabric from mod modernfix
[12:24:00] [main/WARN]: Error loading class: net/minecraft/class_1043 (java.lang.ClassNotFoundException: net/minecraft/class_1043)
[12:24:00] [main/WARN]: @Mixin target net.minecraft.class_1043 was not found modernfix-fabric.mixins.json:safety.DynamicTextureMixin from mod modernfix
[12:24:00] [main/WARN]: Error loading class: net/minecraft/class_340 (java.lang.ClassNotFoundException: net/minecraft/class_340)
[12:24:00] [main/WARN]: @Mixin target net.minecraft.class_340 was not found modernfix-fabric.mixins.json:feature.branding.GuiMixin from mod modernfix
[12:24:00] [main/WARN]: Error loading class: net/minecraft/class_310 (java.lang.ClassNotFoundException: net/minecraft/class_310)
[12:24:00] [main/WARN]: @Mixin target net.minecraft.class_310 was not found modernfix-common.mixins.json:bugfix.world_leaks.MinecraftMixin from mod modernfix
[12:24:00] [main/WARN]: Error loading class: net/minecraft/class_528$class_4272 (java.lang.ClassNotFoundException: net/minecraft/class_528$class_4272)
[12:24:00] [main/WARN]: @Mixin target net.minecraft.class_528$class_4272 was not found modernfix-common.mixins.json:bugfix.world_screen_skipped.WorldSelectionListMixin from mod modernfix
[12:24:00] [main/WARN]: Error loading class: com/nhoryzon/mc/farmersdelight/entity/block/CookingPotBlockEntity (java.lang.ClassNotFoundException: com/nhoryzon/mc/farmersdelight/entity/block/CookingPotBlockEntity)
[12:24:00] [main/INFO]: I used the json to destroy the json
[12:24:00] [main/INFO]: Initializing MixinExtras via com.llamalad7.mixinextras.service.MixinExtrasServiceImpl(version=0.3.5).
[12:24:03] [main/WARN]: Static binding violation: PRIVATE @Overwrite method method_21740 in modernfix-common.mixins.json:perf.remove_biome_temperature_cache.BiomeMixin from mod modernfix cannot reduce visibiliy of PUBLIC target method, visibility will be upgraded.
[12:24:03] [main/INFO]: Vanilla bootstrap took 2505 milliseconds
[12:24:03] [main/INFO]: [Chalk] Detecting Loader...
[12:24:03] [main/INFO]: [Chalk] Detected Loader: Fabric
[12:24:03] [main/INFO]: [Chalk] Registering blocks and items...
[12:24:03] [main/INFO]: [Chalk] Startup finished!
[12:24:03] [main/INFO]: fabric loader environment detected
[12:24:03] [main/INFO]: Loaded Forgero configuration, located at: ./config/forgero_settings.json
[12:24:03] [main/INFO]: Registered and validated 17 Forgero packages
[12:24:03] [main/INFO]: [vein_mining_parts, pattern_mining_parts, sword-additions, pickaxe-additions, minecraft-extended, forgero-trinkets, forgero-refined, forgero-mastercrafted, forgero-extended, axe-additions, ancient-relics, minecraft-wood-variants, minecraft-variants, minecraft-vanilla, minecraft-stone-variants, forgero-vanilla, forgero-vanilla]
[12:24:05] [main/ERROR]: Failed to find class: java.util.zip.ZipException: zip END header not found
[12:24:05] [main/ERROR]: Failed to find class: java.util.zip.ZipException: zip END header not found
[12:24:05] [main/INFO]: Giving mobs a fresh coat of paint...
[12:24:06] [ForkJoinPool.commonPool-worker-2/INFO]: [Paladin's Furniture Update Check] Cached update file detected, using that!
[12:24:06] [main/INFO]: Loaded 293 hat entries from simplehats.json
[12:24:06] [main/INFO]: Generated 293 hat items from hat entries.
[12:24:06] [main/WARN]: Found block type with duplicate id (minecraft:oak), skipping
[12:24:06] [main/WARN]: You specified a resource pack without providing a sha1 hash. Pack will be updated on the client only if you change the name of the pack.
[12:24:06] [main/INFO]: Environment: authHost='https://authserver.mojang.com', accountsHost='https://api.mojang.com', sessionHost='https://sessionserver.mojang.com', servicesHost='https://api.minecraftservices.com', name='PROD'
[12:24:06] [main/INFO]: Bypassed Mojang DFU
[12:24:06] [main/INFO]: ARRP register - before user
[12:24:06] [main/INFO]: ARRP register - before vanilla
[12:24:06] [main/INFO]: ARRP register - after vanilla
[12:24:08] [main/INFO]: Loaded 9 recipes
[12:24:09] [main/INFO]: Loaded 2899 advancements
[12:24:09] [main/INFO]: Loaded Forgero configuration, located at: ./config/forgero_settings.json
[12:24:09] [main/INFO]: Reloading config...
[12:24:10] [main/INFO]: Applied 0 biome modifications to 0 of 162 new biomes in 1.237 ms
[12:24:10] [main/INFO]: [majruszlibrary.json] Reloading configuration file took 0 milliseconds
[12:24:10] [main/INFO]: [majruszsaccessories.json] Reloading configuration file took 2 milliseconds
[12:24:10] [Server thread/INFO]: Starting minecraft server version 1.19.4
[12:24:10] [Server thread/INFO]: Loading properties
[12:24:10] [Server thread/INFO]: Default game type: SURVIVAL
[12:24:10] [Server thread/INFO]: Generating keypair
[12:24:10] [Server thread/INFO]: Starting Minecraft server on *:25565
[12:24:10] [Server thread/INFO]: Using epoll channel type
[12:24:10] [Server thread/INFO]: Preparing level "world"
[12:24:10] [Server thread/INFO]: Preparing start region for dimension minecraft:overworld
[12:24:11] [Server thread/INFO]: Preparing spawn area: 0%
[12:24:11] [Server thread/INFO]: Preparing spawn area: 0%
[12:24:11] [Server thread/INFO]: Preparing spawn area: 0%
[12:24:11] [Server thread/INFO]: Time elapsed: 1287 ms
[12:24:11] [Server thread/INFO]: Done (1.517s)! For help, type "help"
[12:24:11] [Server thread/WARN]: Dedicated server took 12.842 seconds to load
[12:24:11] [Server thread/INFO]: Start loading plugin from Jade
[12:24:11] [Server thread/INFO]: Start loading plugin from Jade
[12:24:11] [Server thread/INFO]: Start loading plugin from Jade
[12:24:16] [User Authenticator #1/INFO]: UUID of player treejokes is 72726359-76c2-4205-b61c-58674ac312ef
[12:24:16] [Server thread/INFO]: treejokes[/103.131.15.3:59066] logged in with entity id 103 at (-266.8949611598052, 113.5625, 337.7202020471111)
[12:24:16] [Server thread/INFO]: Syncing config to treejokes (72726359-76c2-4205-b61c-58674ac312ef)
[12:24:16] [Server thread/INFO]: treejokes joined the game
[12:24:27] [User Authenticator #2/INFO]: UUID of player aspen_syrup is d8c9bd9e-d197-4787-aa0e-77121b6afd0f
[12:24:27] [Server thread/INFO]: aspen_syrup[/192.168.25.199:56300] logged in with entity id 366 at (-256.69999998807907, 119.0, 388.30000001192093)
[12:24:27] [Server thread/INFO]: Syncing config to aspen_syrup (d8c9bd9e-d197-4787-aa0e-77121b6afd0f)
[12:24:27] [Server thread/INFO]: aspen_syrup joined the game
[12:25:45] [Server thread/INFO]: treejokes fell from a high place
[12:32:49] [Server thread/INFO]: treejokes fell from a high place
[12:53:17] [Server thread/INFO]: aspen_syrup has made the advancement [Take Aim]
[13:54:44] [Server thread/INFO]: aspen_syrup lost connection: Disconnected
[13:54:44] [Server thread/INFO]: aspen_syrup left the game
[14:02:36] [Server thread/INFO]: treejokes lost connection: Disconnected
[14:02:36] [Server thread/INFO]: treejokes left the game
